<?xml version="1.0" encoding="UTF-8"?>
<!-- Generated by org.testng.reporters.JUnitXMLReporter -->
<testsuite hostname="Priyankaok123" ignored="0" name="Sprint1" tests="3" failures="1" timestamp="03 Mar 2019 05:31:54 GMT" time="0.134" errors="0">
  <testcase name="testFb" time="0.008" classname="testNGclasses.TestCase1"/>
  <testcase name="testTwitter" time="0.001" classname="testNGclasses.TestCase2"/>
  <testcase name="testGmail" time="0.004" classname="testNGclasses.TestCase3">
    <failure type="java.lang.AssertionError">
      <![CDATA[java.lang.AssertionError
at org.junit.Assert.fail(Assert.java:86)
at org.junit.Assert.assertTrue(Assert.java:41)
at org.junit.Assert.assertTrue(Assert.java:52)
at testNGclasses.TestCase3.testGmail(TestCase3.java:11)
... Removed 25 stack frames]]>
    </failure>
  </testcase> <!-- testGmail -->
</testsuite> <!-- Sprint1 -->
